E:\Work\video（录像播放 马工）\video\video\Debug\cl.command.1.tlog
E:\Work\video（录像播放 马工）\video\video\Debug\CL.read.1.tlog
E:\Work\video（录像播放 马工）\video\video\Debug\CL.write.1.tlog
E:\Work\video（录像播放 马工）\video\video\Debug\link.command.1.tlog
E:\Work\video（录像播放 马工）\video\video\Debug\link.read.1.tlog
E:\Work\video（录像播放 马工）\video\video\Debug\link.write.1.tlog
E:\Work\video（录像播放 马工）\video\video\Debug\link-cvtres.read.1.tlog
E:\Work\video（录像播放 马工）\video\video\Debug\link-cvtres.write.1.tlog
E:\Work\video（录像播放 马工）\video\video\Debug\mt.command.1.tlog
E:\Work\video（录像播放 马工）\video\video\Debug\mt.read.1.tlog
E:\Work\video（录像播放 马工）\video\video\Debug\mt.write.1.tlog
E:\Work\video（录像播放 马工）\video\video\Debug\rc.command.1.tlog
E:\Work\video（录像播放 马工）\video\video\Debug\rc.read.1.tlog
E:\Work\video（录像播放 马工）\video\video\Debug\rc.write.1.tlog
E:\WORK\VIDEO（录像播放 马工）\VIDEO\VIDEO\DEBUG\STDAFX.OBJ
E:\Work\video（录像播放 马工）\video\video\Debug\vc100.idb
E:\WORK\VIDEO（录像播放 马工）\VIDEO\VIDEO\DEBUG\VC100.PDB
E:\WORK\VIDEO（录像播放 马工）\VIDEO\VIDEO\DEBUG\VIDEO.EXE.EMBED.MANIFEST
E:\WORK\VIDEO（录像播放 马工）\VIDEO\VIDEO\DEBUG\VIDEO.EXE.EMBED.MANIFEST.RES
E:\WORK\VIDEO（录像播放 马工）\VIDEO\VIDEO\DEBUG\VIDEO.EXE.INTERMEDIATE.MANIFEST
E:\WORK\VIDEO（录像播放 马工）\VIDEO\VIDEO\DEBUG\VIDEO.OBJ
E:\WORK\VIDEO（录像播放 马工）\VIDEO\VIDEO\DEBUG\VIDEO.PCH
E:\WORK\VIDEO（录像播放 马工）\VIDEO\VIDEO\DEBUG\VIDEO.RES
E:\Work\video（录像播放 马工）\video\video\Debug\video.write.1.tlog
E:\Work\video（录像播放 马工）\video\video\Debug\video_manifest.rc
E:\WORK\VIDEO（录像播放 马工）\VIDEO\VIDEO\DEBUG\VIDEODLG.OBJ
E:\WORK\VIDEO（录像播放 马工）\VIDEOII\DEBUG\VIDEO.EXE
E:\WORK\VIDEO（录像播放 马工）\VIDEOII\DEBUG\VIDEO.ILK
E:\WORK\VIDEO（录像播放 马工）\VIDEOII\DEBUG\VIDEO.PDB
