F:\Work\video（录像播放 马工）\video\video\Release\cl.command.1.tlog
F:\Work\video（录像播放 马工）\video\video\Release\CL.read.1.tlog
F:\Work\video（录像播放 马工）\video\video\Release\CL.write.1.tlog
F:\Work\video（录像播放 马工）\video\video\Release\link.command.1.tlog
F:\Work\video（录像播放 马工）\video\video\Release\link.read.1.tlog
F:\Work\video（录像播放 马工）\video\video\Release\link.write.1.tlog
F:\Work\video（录像播放 马工）\video\video\Release\link-cvtres.read.1.tlog
F:\Work\video（录像播放 马工）\video\video\Release\link-cvtres.write.1.tlog
F:\Work\video（录像播放 马工）\video\video\Release\mt.command.1.tlog
F:\Work\video（录像播放 马工）\video\video\Release\mt.read.1.tlog
F:\Work\video（录像播放 马工）\video\video\Release\mt.write.1.tlog
F:\Work\video（录像播放 马工）\video\video\Release\rc.command.1.tlog
F:\Work\video（录像播放 马工）\video\video\Release\rc.read.1.tlog
F:\Work\video（录像播放 马工）\video\video\Release\rc.write.1.tlog
F:\WORK\VIDEO（录像播放 马工）\VIDEO\VIDEO\RELEASE\STDAFX.OBJ
F:\WORK\VIDEO（录像播放 马工）\VIDEO\VIDEO\RELEASE\VC100.PDB
F:\WORK\VIDEO（录像播放 马工）\VIDEO\VIDEO\RELEASE\VIDEO.EXE.INTERMEDIATE.MANIFEST
F:\WORK\VIDEO（录像播放 马工）\VIDEO\VIDEO\RELEASE\VIDEO.OBJ
F:\WORK\VIDEO（录像播放 马工）\VIDEO\VIDEO\RELEASE\VIDEO.PCH
F:\WORK\VIDEO（录像播放 马工）\VIDEO\VIDEO\RELEASE\VIDEO.RES
F:\Work\video（录像播放 马工）\video\video\Release\video.vcxprojResolveAssemblyReference.cache
F:\Work\video（录像播放 马工）\video\video\Release\video.write.1.tlog
F:\WORK\VIDEO（录像播放 马工）\VIDEO\VIDEO\RELEASE\VIDEODLG.OBJ
F:\WORK\VIDEO（录像播放 马工）\VIDEOII\RELEASE\VIDEO.EXE
F:\WORK\VIDEO（录像播放 马工）\VIDEOII\RELEASE\VIDEO.PDB
